c:\users\omaid\dropbox\mein pc (laptop-45nne962)\documents\studium\ss21\cge\cge1\cge1\debug\vc142.pdb
c:\users\omaid\dropbox\mein pc (laptop-45nne962)\documents\studium\ss21\cge\cge1\cge1\debug\vc142.idb
c:\users\omaid\dropbox\mein pc (laptop-45nne962)\documents\studium\ss21\cge\cge1\cge1\debug\07.obj
c:\users\omaid\dropbox\mein pc (laptop-45nne962)\documents\studium\ss21\cge\cge1\cge1\debug\first.obj
c:\users\omaid\dropbox\mein pc (laptop-45nne962)\documents\studium\ss21\cge\cge1\cge1\debug\solar.obj
c:\users\omaid\dropbox\mein pc (laptop-45nne962)\documents\studium\ss21\cge\cge1\cge1\debug\02_postredisplay.obj
c:\users\omaid\dropbox\mein pc (laptop-45nne962)\documents\studium\ss21\cge\cge1\cge1\debug\04_timer.obj
c:\users\omaid\dropbox\mein pc (laptop-45nne962)\documents\studium\ss21\cge\cge1\cge1\debug\foo.obj
c:\users\omaid\dropbox\mein pc (laptop-45nne962)\documents\studium\ss21\cge\cge1\cge1\debug\tga.obj
c:\users\omaid\dropbox\mein pc (laptop-45nne962)\documents\studium\ss21\cge\cge1\cge1\debug\light.obj
c:\users\omaid\dropbox\mein pc (laptop-45nne962)\documents\studium\ss21\cge\cge1\cge1\debug\rolltthedice.obj
c:\users\omaid\dropbox\mein pc (laptop-45nne962)\documents\studium\ss21\cge\cge1\debug\cge_projekt.exe
c:\users\omaid\dropbox\mein pc (laptop-45nne962)\documents\studium\ss21\cge\cge1\cge1\debug\cge_projekt.ilk
c:\users\omaid\dropbox\mein pc (laptop-45nne962)\documents\studium\ss21\cge\cge1\debug\cge_projekt.pdb
c:\users\omaid\dropbox\mein pc (laptop-45nne962)\documents\studium\ss21\cge\cge1\debug\cge_projekt.ilk
c:\users\omaid\dropbox\mein pc (laptop-45nne962)\documents\studium\ss21\cge\cge1\cge1\debug\cge_projekt.tlog\cl.command.1.tlog
c:\users\omaid\dropbox\mein pc (laptop-45nne962)\documents\studium\ss21\cge\cge1\cge1\debug\cge_projekt.tlog\cl.read.1.tlog
c:\users\omaid\dropbox\mein pc (laptop-45nne962)\documents\studium\ss21\cge\cge1\cge1\debug\cge_projekt.tlog\cl.write.1.tlog
c:\users\omaid\dropbox\mein pc (laptop-45nne962)\documents\studium\ss21\cge\cge1\cge1\debug\cge_projekt.tlog\link.command.1.tlog
c:\users\omaid\dropbox\mein pc (laptop-45nne962)\documents\studium\ss21\cge\cge1\cge1\debug\cge_projekt.tlog\link.read.1.tlog
c:\users\omaid\dropbox\mein pc (laptop-45nne962)\documents\studium\ss21\cge\cge1\cge1\debug\cge_projekt.tlog\link.write.1.tlog
